[debug] [2020-05-02T14:37:57.442Z] ----------------------------------------------------------------------
[debug] [2020-05-02T14:37:57.443Z] Command:       C:\Program Files\nodejs\node.exe C:\Users\rotem\AppData\Roaming\npm\node_modules\firebase-tools\lib\bin\firebase.js init
[debug] [2020-05-02T14:37:57.444Z] CLI Version:   8.2.0
[debug] [2020-05-02T14:37:57.444Z] Platform:      win32
[debug] [2020-05-02T14:37:57.444Z] Node Version:  v10.14.1
[debug] [2020-05-02T14:37:57.445Z] Time:          Sat May 02 2020 17:37:57 GMT+0300 (Israel Daylight Time)
[debug] [2020-05-02T14:37:57.445Z] ----------------------------------------------------------------------
[debug] [2020-05-02T14:37:57.445Z] 
[debug] [2020-05-02T14:37:57.452Z] > command requires scopes: ["email","openid","https://www.googleapis.com/auth/cloudplatformprojects.readonly","https://www.googleapis.com/auth/firebase","https://www.googleapis.com/auth/cloud-platform"]
[debug] [2020-05-02T14:37:57.452Z] > authorizing via signed-in user
[info] 
     ######## #### ########  ######## ########     ###     ######  ########
     ##        ##  ##     ## ##       ##     ##  ##   ##  ##       ##
     ######    ##  ########  ######   ########  #########  ######  ######
     ##        ##  ##    ##  ##       ##     ## ##     ##       ## ##
     ##       #### ##     ## ######## ########  ##     ##  ######  ########

You're about to initialize a Firebase project in this directory:

  C:\Code\School\proj\app\android\ExamScanner

Before we get started, keep in mind:

  * You are currently outside your home directory
  * You are initializing in an existing Firebase project directory

[info] 
=== Project Setup
[info] 
[info] First, let's associate this project directory with a Firebase project.
[info] You can create multiple project aliases by running firebase use --add, 
[info] but for now we'll just set up a default project.
[info] 
[info] i  .firebaserc already has a default project, using examscanner-de46e.
[debug] [2020-05-02T14:38:07.665Z] > refreshing access token with scopes: ["email","https://www.googleapis.com/auth/cloud-platform","https://www.googleapis.com/auth/cloudplatformprojects.readonly","https://www.googleapis.com/auth/firebase","openid"]
[debug] [2020-05-02T14:38:07.666Z] >>> HTTP REQUEST POST https://www.googleapis.com/oauth2/v3/token  
 <request body omitted>
[debug] [2020-05-02T14:38:08.261Z] <<< HTTP RESPONSE 200 {"content-type":"application/json; charset=utf-8","vary":"X-Origin, Referer, Origin,Accept-Encoding","date":"Sat, 02 May 2020 17:38:08 GMT","server":"scaffolding on HTTPServer2","cache-control":"private","x-xss-protection":"0","x-frame-options":"SAMEORIGIN","x-content-type-options":"nosniff","alt-svc":"h3-Q050=\":443\"; ma=2592000,h3-Q049=\":443\"; ma=2592000,h3-Q048=\":443\"; ma=2592000,h3-Q046=\":443\"; ma=2592000,h3-Q043=\":443\"; ma=2592000,quic=\":443\"; ma=2592000; v=\"46,43\"","accept-ranges":"none","transfer-encoding":"chunked"}
[debug] [2020-05-02T14:38:08.279Z] >>> HTTP REQUEST GET https://firebase.googleapis.com/v1beta1/projects/examscanner-de46e  
 
[debug] [2020-05-02T14:38:09.239Z] <<< HTTP RESPONSE 200 {"content-type":"application/json; charset=UTF-8","vary":"X-Origin, Referer, Origin,Accept-Encoding","date":"Sat, 02 May 2020 17:38:09 GMT","server":"ESF","cache-control":"private","x-xss-protection":"0","x-frame-options":"SAMEORIGIN","x-content-type-options":"nosniff","alt-svc":"h3-Q050=\":443\"; ma=2592000,h3-Q049=\":443\"; ma=2592000,h3-Q048=\":443\"; ma=2592000,h3-Q046=\":443\"; ma=2592000,h3-Q043=\":443\"; ma=2592000,quic=\":443\"; ma=2592000; v=\"46,43\"","accept-ranges":"none","transfer-encoding":"chunked"}
[info] 
=== Database Setup
[info] 
[info] Firebase Realtime Database Rules allow you to define how your data should be
[info] structured and when your data can be read from and written to.
[info] 
[info] +  Database Rules for  have been downloaded to database.rules.json.
[info] Future modifications to database.rules.json will update Database Rules when you run
[info] firebase deploy.
[info] 
=== Functions Setup
[info] 
[info] A functions directory will be created in your project with a Node.js
[info] package pre-configured. Functions can be deployed with firebase deploy.
[info] 
[debug] [2020-05-02T14:38:10.717Z] > command requires scopes: ["email","openid","https://www.googleapis.com/auth/cloudplatformprojects.readonly","https://www.googleapis.com/auth/firebase","https://www.googleapis.com/auth/cloud-platform"]
[debug] [2020-05-02T14:38:10.718Z] > authorizing via signed-in user
[debug] [2020-05-02T14:38:10.718Z] [iam] checking project examscanner-de46e for permissions ["firebase.projects.get"]
[debug] [2020-05-02T14:38:10.719Z] >>> HTTP REQUEST POST https://cloudresourcemanager.googleapis.com/v1/projects/examscanner-de46e:testIamPermissions  
 {"permissions":["firebase.projects.get"]}
[debug] [2020-05-02T14:38:12.324Z] <<< HTTP RESPONSE 200 {"content-type":"application/json; charset=UTF-8","vary":"X-Origin, Referer, Origin,Accept-Encoding","date":"Sat, 02 May 2020 17:38:12 GMT","server":"ESF","cache-control":"private","x-xss-protection":"0","x-frame-options":"SAMEORIGIN","x-content-type-options":"nosniff","server-timing":"gfet4t7; dur=762","alt-svc":"h3-Q050=\":443\"; ma=2592000,h3-Q049=\":443\"; ma=2592000,h3-Q048=\":443\"; ma=2592000,h3-Q046=\":443\"; ma=2592000,h3-Q043=\":443\"; ma=2592000,quic=\":443\"; ma=2592000; v=\"46,43\"","accept-ranges":"none","transfer-encoding":"chunked"}
[debug] [2020-05-02T14:38:12.326Z] >>> HTTP REQUEST POST https://serviceusage.googleapis.com/v1/projects/examscanner-de46e/services/cloudfunctions.googleapis.com:enable  
 
[debug] [2020-05-02T14:38:12.326Z] >>> HTTP REQUEST POST https://serviceusage.googleapis.com/v1/projects/examscanner-de46e/services/runtimeconfig.googleapis.com:enable  
 
[debug] [2020-05-02T14:38:14.021Z] <<< HTTP RESPONSE 200 {"content-type":"application/json; charset=UTF-8","vary":"X-Origin, Referer, Origin,Accept-Encoding","date":"Sat, 02 May 2020 17:38:13 GMT","server":"ESF","cache-control":"private","x-xss-protection":"0","x-frame-options":"SAMEORIGIN","x-content-type-options":"nosniff","alt-svc":"h3-Q050=\":443\"; ma=2592000,h3-Q049=\":443\"; ma=2592000,h3-Q048=\":443\"; ma=2592000,h3-Q046=\":443\"; ma=2592000,h3-Q043=\":443\"; ma=2592000,quic=\":443\"; ma=2592000; v=\"46,43\"","accept-ranges":"none","transfer-encoding":"chunked"}
[debug] [2020-05-02T14:38:14.024Z] <<< HTTP RESPONSE 200 {"content-type":"application/json; charset=UTF-8","vary":"X-Origin, Referer, Origin,Accept-Encoding","date":"Sat, 02 May 2020 17:38:13 GMT","server":"ESF","cache-control":"private","x-xss-protection":"0","x-frame-options":"SAMEORIGIN","x-content-type-options":"nosniff","alt-svc":"h3-Q050=\":443\"; ma=2592000,h3-Q049=\":443\"; ma=2592000,h3-Q048=\":443\"; ma=2592000,h3-Q046=\":443\"; ma=2592000,h3-Q043=\":443\"; ma=2592000,quic=\":443\"; ma=2592000; v=\"46,43\"","accept-ranges":"none","transfer-encoding":"chunked"}
[debug] [2020-05-13T15:39:50.096Z] ----------------------------------------------------------------------
[debug] [2020-05-13T15:39:50.098Z] Command:       C:\Program Files\nodejs\node.exe C:\Users\rotem\AppData\Roaming\npm\node_modules\firebase-tools\lib\bin\firebase.js emulators:start
[debug] [2020-05-13T15:39:50.099Z] CLI Version:   8.2.0
[debug] [2020-05-13T15:39:50.099Z] Platform:      win32
[debug] [2020-05-13T15:39:50.099Z] Node Version:  v10.19.0
[debug] [2020-05-13T15:39:50.100Z] Time:          Wed May 13 2020 18:39:50 GMT+0300 (Israel Daylight Time)
[debug] [2020-05-13T15:39:50.101Z] ----------------------------------------------------------------------
[debug] [2020-05-13T15:39:50.101Z] 
[debug] [2020-05-13T15:39:50.112Z] > command requires scopes: ["email","openid","https://www.googleapis.com/auth/cloudplatformprojects.readonly","https://www.googleapis.com/auth/firebase","https://www.googleapis.com/auth/cloud-platform"]
[debug] [2020-05-13T15:39:50.113Z] > authorizing via signed-in user
[info] i  emulators: Starting emulators: functions, database
[warn] !  emulators: It seems that you are running multiple instances of the emulator suite for project examscanner-de46e. This may result in unexpected behavior.
[debug] [2020-05-13T15:39:52.177Z] [hub] writing locator at C:\Users\rotem\AppData\Local\Temp\hub-examscanner-de46e.json
[info] +  hub: emulator hub started at http://localhost:4400
[warn] !  Your requested "node" version "8" doesn't match your global version "10"
[info] +  functions: functions emulator started at http://localhost:5001
[warn] !  database: The emulator will default to allowing all reads and writes. Learn more about this option: https://firebase.google.com/docs/emulator-suite/install_and_configure#security_rules_configuration.
[debug] [2020-05-13T15:39:56.219Z] Ignoring unsupported arg: projectId
[debug] [2020-05-13T15:39:56.219Z] Ignoring unsupported arg: auto_download
[debug] [2020-05-13T15:39:56.219Z] Ignoring unsupported arg: rules
[debug] [2020-05-13T15:39:56.219Z] Starting database emulator with command {"binary":"java","args":["-Duser.language=en","-jar","C:\\Users\\rotem\\.cache\\firebase\\emulators\\firebase-database-emulator-v4.4.1.jar","--host","localhost","--port",9000,"--functions_emulator_host","localhost","--functions_emulator_port",5001],"optionalArgs":["port","host","functions_emulator_port","functions_emulator_host"],"joinArgs":false}
[info] i  database: database emulator logging to database-debug.log
[debug] [2020-05-13T15:39:58.421Z] 18:39:58.418 [NamespaceSystem-akka.actor.default-dispatcher-6] INFO akka.event.slf4j.Slf4jLogger - Slf4jLogger started

[debug] [2020-05-13T15:39:58.626Z] 18:39:58.626 [main] INFO com.firebase.server.forge.App$ - Listening at localhost:9000

[info] +  database: database emulator started at http://localhost:9000
[info] i  database: For testing set FIREBASE_DATABASE_EMULATOR_HOST=localhost:9000
[info] i  functions: Watching "C:\Users\rotem\Desktop\project\newVersion\ExamScanner\functions" for Cloud Functions...
[debug] [2020-05-13T15:39:59.009Z] [worker-pool] addWorker(~diagnostic~) 
[debug] [2020-05-13T15:39:59.009Z] [worker-pool] Adding worker with key ~diagnostic~, total=1 
[debug] [2020-05-13T15:39:59.009Z] [worker-pool] submitWork(triggerId=) 
[debug] [2020-05-13T15:39:59.010Z] [worker-~diagnostic~-baabf8b2-ddd4-4930-aabc-33a852f4a9e3]: Assigning socketPath: \\?\pipe\C:\Users\rotem\Desktop\project\newVersion\ExamScanner\functions\3896 
[debug] [2020-05-13T15:39:59.011Z] [worker-~diagnostic~-baabf8b2-ddd4-4930-aabc-33a852f4a9e3]: BUSY 
[debug] [2020-05-13T15:39:59.947Z] [runtime-status] [3896] Functions runtime initialized. {"cwd":"C:\\Users\\rotem\\Desktop\\project\\newVersion\\ExamScanner\\functions","node_version":"10.19.0"} 
[debug] [2020-05-13T15:39:59.950Z] [runtime-status] [3896] Disabled runtime features: undefined 
[debug] [2020-05-13T15:39:59.957Z] [runtime-status] [3896] Resolved module firebase-admin {"declared":true,"installed":true,"version":"8.11.0","resolution":"C:\\Users\\rotem\\Desktop\\project\\newVersion\\ExamScanner\\functions\\node_modules\\firebase-admin\\lib\\index.js"} 
[debug] [2020-05-13T15:39:59.960Z] [runtime-status] [3896] Resolved module firebase-functions {"declared":true,"installed":true,"version":"3.6.1","resolution":"C:\\Users\\rotem\\Desktop\\project\\newVersion\\ExamScanner\\functions\\node_modules\\firebase-functions\\lib\\index.js"} 
[debug] [2020-05-13T15:39:59.970Z] [runtime-status] [3896] Outgoing network have been stubbed. [{"name":"http","status":"mocked"},{"name":"http","status":"mocked"},{"name":"https","status":"mocked"},{"name":"https","status":"mocked"},{"name":"net","status":"mocked"}] 
[debug] [2020-05-13T15:40:00.154Z] [runtime-status] [3896] Checked functions.config() {"config":{}} 
[debug] [2020-05-13T15:40:00.155Z] [runtime-status] [3896] Resolved module firebase-functions {"declared":true,"installed":true,"version":"3.6.1","resolution":"C:\\Users\\rotem\\Desktop\\project\\newVersion\\ExamScanner\\functions\\node_modules\\firebase-functions\\lib\\index.js"} 
[debug] [2020-05-13T15:40:00.157Z] [runtime-status] [3896] Resolved module firebase-admin {"declared":true,"installed":true,"version":"8.11.0","resolution":"C:\\Users\\rotem\\Desktop\\project\\newVersion\\ExamScanner\\functions\\node_modules\\firebase-admin\\lib\\index.js"} 
[debug] [2020-05-13T15:40:00.158Z] [runtime-status] [3896] Resolved module firebase-functions {"declared":true,"installed":true,"version":"3.6.1","resolution":"C:\\Users\\rotem\\Desktop\\project\\newVersion\\ExamScanner\\functions\\node_modules\\firebase-functions\\lib\\index.js"} 
[debug] [2020-05-13T15:40:00.158Z] [runtime-status] [3896] firebase-admin has been stubbed. {"adminResolution":{"declared":true,"installed":true,"version":"8.11.0","resolution":"C:\\Users\\rotem\\Desktop\\project\\newVersion\\ExamScanner\\functions\\node_modules\\firebase-admin\\lib\\index.js"}} 
[info] +  emulators: All emulators started, it is now safe to connect.
[debug] [2020-05-13T15:40:00.162Z] [worker-~diagnostic~-baabf8b2-ddd4-4930-aabc-33a852f4a9e3]: IDLE 
[debug] [2020-05-13T15:41:07.922Z] [worker-~diagnostic~-baabf8b2-ddd4-4930-aabc-33a852f4a9e3]: exited 
[debug] [2020-05-13T15:41:07.923Z] [worker-~diagnostic~-baabf8b2-ddd4-4930-aabc-33a852f4a9e3]: FINISHED 
